<?xml version="1.0" encoding="UTF-8"?>
<coverage generated="1666454538691" clover="3.2.0">
  <project timestamp="1666454538691" name="All files">
    <metrics statements="35" coveredstatements="29" conditionals="9" coveredconditionals="6" methods="12" coveredmethods="12" elements="56" coveredelements="47" complexity="0" loc="35" ncloc="35" packages="1" files="1" classes="1"/>
    <file name="corrida.js" path="C:\Users\FF\Desktop\.DEV\CWI\modulo 6 - Javascript\corrida-maluca-js\corrida.js">
      <metrics statements="35" coveredstatements="29" conditionals="9" coveredconditionals="6" methods="12" coveredmethods="12"/>
      <line num="4" count="9" type="stmt"/>
      <line num="5" count="9" type="stmt"/>
      <line num="6" count="9" type="stmt"/>
      <line num="7" count="9" type="stmt"/>
      <line num="11" count="5" type="stmt"/>
      <line num="12" count="5" type="stmt"/>
      <line num="13" count="5" type="stmt"/>
      <line num="14" count="5" type="stmt"/>
      <line num="15" count="12" type="stmt"/>
      <line num="17" count="5" type="stmt"/>
      <line num="21" count="2" type="cond" truecount="2" falsecount="0"/>
      <line num="22" count="1" type="stmt"/>
      <line num="24" count="1" type="stmt"/>
      <line num="28" count="2" type="stmt"/>
      <line num="29" count="2" type="stmt"/>
      <line num="31" count="2" type="stmt"/>
      <line num="32" count="6" type="stmt"/>
      <line num="34" count="2" type="stmt"/>
      <line num="38" count="1" type="stmt"/>
      <line num="39" count="2" type="stmt"/>
      <line num="41" count="2" type="stmt"/>
      <line num="42" count="6" type="stmt"/>
      <line num="43" count="18" type="cond" truecount="1" falsecount="1"/>
      <line num="49" count="18" type="stmt"/>
      <line num="54" count="2" type="stmt"/>
      <line num="55" count="6" type="cond" truecount="1" falsecount="2"/>
      <line num="57" count="6" type="stmt"/>
      <line num="58" count="6" type="stmt"/>
      <line num="66" count="6" type="stmt"/>
      <line num="69" count="0" type="stmt"/>
      <line num="70" count="0" type="stmt"/>
      <line num="78" count="0" type="stmt"/>
      <line num="81" count="0" type="stmt"/>
      <line num="82" count="0" type="stmt"/>
      <line num="90" count="0" type="stmt"/>
    </file>
  </project>
</coverage>
