{"C:\\Users\\FF\\Desktop\\.DEV\\CWI\\modulo 6 - Javascript\\corrida-maluca-js\\corrida.js": {"path":"C:\\Users\\FF\\Desktop\\.DEV\\CWI\\modulo 6 - Javascript\\corrida-maluca-js\\corrida.js","statementMap":{"0":{"start":{"line":4,"column":24},"end":{"line":4,"column":75}},"1":{"start":{"line":4,"column":66},"end":{"line":4,"column":74}},"2":{"start":{"line":5,"column":21},"end":{"line":5,"column":53}},"3":{"start":{"line":6,"column":2},"end":{"line":6,"column":25}},"4":{"start":{"line":7,"column":2},"end":{"line":7,"column":20}},"5":{"start":{"line":11,"column":19},"end":{"line":11,"column":70}},"6":{"start":{"line":11,"column":61},"end":{"line":11,"column":69}},"7":{"start":{"line":12,"column":16},"end":{"line":12,"column":38}},"8":{"start":{"line":13,"column":2},"end":{"line":13,"column":19}},"9":{"start":{"line":14,"column":2},"end":{"line":16,"column":5}},"10":{"start":{"line":15,"column":4},"end":{"line":15,"column":67}},"11":{"start":{"line":17,"column":2},"end":{"line":17,"column":15}},"12":{"start":{"line":21,"column":2},"end":{"line":23,"column":3}},"13":{"start":{"line":22,"column":4},"end":{"line":22,"column":13}},"14":{"start":{"line":24,"column":2},"end":{"line":24,"column":22}},"15":{"start":{"line":28,"column":16},"end":{"line":28,"column":21}},"16":{"start":{"line":29,"column":2},"end":{"line":29,"column":29}},"17":{"start":{"line":31,"column":2},"end":{"line":33,"column":5}},"18":{"start":{"line":32,"column":4},"end":{"line":32,"column":40}},"19":{"start":{"line":34,"column":2},"end":{"line":34,"column":17}},"20":{"start":{"line":38,"column":2},"end":{"line":93,"column":3}},"21":{"start":{"line":38,"column":20},"end":{"line":38,"column":21}},"22":{"start":{"line":39,"column":4},"end":{"line":39,"column":54}},"23":{"start":{"line":41,"column":4},"end":{"line":52,"column":7}},"24":{"start":{"line":42,"column":6},"end":{"line":51,"column":9}},"25":{"start":{"line":43,"column":8},"end":{"line":50,"column":9}},"26":{"start":{"line":49,"column":10},"end":{"line":49,"column":60}},"27":{"start":{"line":54,"column":4},"end":{"line":92,"column":7}},"28":{"start":{"line":55,"column":6},"end":{"line":91,"column":7}},"29":{"start":{"line":57,"column":10},"end":{"line":57,"column":68}},"30":{"start":{"line":58,"column":10},"end":{"line":65,"column":13}},"31":{"start":{"line":66,"column":10},"end":{"line":66,"column":16}},"32":{"start":{"line":69,"column":10},"end":{"line":69,"column":63}},"33":{"start":{"line":70,"column":10},"end":{"line":77,"column":13}},"34":{"start":{"line":78,"column":10},"end":{"line":78,"column":16}},"35":{"start":{"line":81,"column":10},"end":{"line":81,"column":68}},"36":{"start":{"line":82,"column":10},"end":{"line":89,"column":13}},"37":{"start":{"line":90,"column":10},"end":{"line":90,"column":16}}},"fnMap":{"0":{"name":"criaPersonagem","decl":{"start":{"line":3,"column":22},"end":{"line":3,"column":36}},"loc":{"start":{"line":3,"column":58},"end":{"line":8,"column":1}},"line":3},"1":{"name":"(anonymous_1)","decl":{"start":{"line":4,"column":52},"end":{"line":4,"column":53}},"loc":{"start":{"line":4,"column":66},"end":{"line":4,"column":74}},"line":4},"2":{"name":"criaPista","decl":{"start":{"line":10,"column":22},"end":{"line":10,"column":31}},"loc":{"start":{"line":10,"column":48},"end":{"line":18,"column":1}},"line":10},"3":{"name":"(anonymous_3)","decl":{"start":{"line":11,"column":47},"end":{"line":11,"column":48}},"loc":{"start":{"line":11,"column":61},"end":{"line":11,"column":69}},"line":11},"4":{"name":"(anonymous_4)","decl":{"start":{"line":14,"column":30},"end":{"line":14,"column":31}},"loc":{"start":{"line":14,"column":43},"end":{"line":16,"column":3}},"line":14},"5":{"name":"calcularVantagem","decl":{"start":{"line":20,"column":22},"end":{"line":20,"column":38}},"loc":{"start":{"line":20,"column":58},"end":{"line":25,"column":1}},"line":20},"6":{"name":"criaCorrida","decl":{"start":{"line":27,"column":22},"end":{"line":27,"column":33}},"loc":{"start":{"line":27,"column":57},"end":{"line":35,"column":1}},"line":27},"7":{"name":"(anonymous_7)","decl":{"start":{"line":31,"column":22},"end":{"line":31,"column":23}},"loc":{"start":{"line":31,"column":35},"end":{"line":33,"column":3}},"line":31},"8":{"name":"executarCorrida","decl":{"start":{"line":37,"column":22},"end":{"line":37,"column":37}},"loc":{"start":{"line":37,"column":47},"end":{"line":94,"column":1}},"line":37},"9":{"name":"(anonymous_9)","decl":{"start":{"line":41,"column":34},"end":{"line":41,"column":35}},"loc":{"start":{"line":41,"column":57},"end":{"line":52,"column":5}},"line":41},"10":{"name":"(anonymous_10)","decl":{"start":{"line":42,"column":28},"end":{"line":42,"column":29}},"loc":{"start":{"line":42,"column":45},"end":{"line":51,"column":7}},"line":42},"11":{"name":"(anonymous_11)","decl":{"start":{"line":54,"column":34},"end":{"line":54,"column":35}},"loc":{"start":{"line":54,"column":57},"end":{"line":92,"column":5}},"line":54}},"branchMap":{"0":{"loc":{"start":{"line":21,"column":2},"end":{"line":23,"column":3}},"type":"if","locations":[{"start":{"line":21,"column":2},"end":{"line":23,"column":3}},{"start":{},"end":{}}],"line":21},"1":{"loc":{"start":{"line":43,"column":8},"end":{"line":50,"column":9}},"type":"if","locations":[{"start":{"line":43,"column":8},"end":{"line":50,"column":9}},{"start":{},"end":{}}],"line":43},"2":{"loc":{"start":{"line":45,"column":12},"end":{"line":46,"column":62}},"type":"binary-expr","locations":[{"start":{"line":45,"column":12},"end":{"line":45,"column":29}},{"start":{"line":46,"column":14},"end":{"line":46,"column":62}}],"line":45},"3":{"loc":{"start":{"line":55,"column":6},"end":{"line":91,"column":7}},"type":"switch","locations":[{"start":{"line":56,"column":8},"end":{"line":66,"column":16}},{"start":{"line":68,"column":8},"end":{"line":78,"column":16}},{"start":{"line":80,"column":8},"end":{"line":90,"column":16}}],"line":55}},"s":{"0":9,"1":9,"2":9,"3":9,"4":9,"5":5,"6":5,"7":5,"8":5,"9":5,"10":12,"11":5,"12":2,"13":1,"14":1,"15":2,"16":2,"17":2,"18":6,"19":2,"20":1,"21":1,"22":2,"23":2,"24":6,"25":18,"26":18,"27":2,"28":6,"29":6,"30":6,"31":6,"32":0,"33":0,"34":0,"35":0,"36":0,"37":0},"f":{"0":9,"1":9,"2":5,"3":5,"4":12,"5":2,"6":2,"7":6,"8":1,"9":6,"10":18,"11":6},"b":{"0":[1,1],"1":[18,0],"2":[18,18],"3":[6,0,0]},"_coverageSchema":"1a1c01bbd47fc00a2c39e90264f33305004495a9","hash":"652de89cecdc439623c5712f43dcba949e51d58b"}
}
