{"C:\\Users\\FF\\Desktop\\.DEV\\CWI\\modulo 6 - Javascript\\corrida-maluca-js\\corrida.js": {"path":"C:\\Users\\FF\\Desktop\\.DEV\\CWI\\modulo 6 - Javascript\\corrida-maluca-js\\corrida.js","statementMap":{"0":{"start":{"line":4,"column":2},"end":{"line":4,"column":79}},"1":{"start":{"line":7,"column":2},"end":{"line":7,"column":84}},"2":{"start":{"line":12,"column":25},"end":{"line":12,"column":76}},"3":{"start":{"line":12,"column":67},"end":{"line":12,"column":75}},"4":{"start":{"line":13,"column":14},"end":{"line":13,"column":16}},"5":{"start":{"line":14,"column":2},"end":{"line":16,"column":5}},"6":{"start":{"line":15,"column":4},"end":{"line":15,"column":48}},"7":{"start":{"line":17,"column":2},"end":{"line":17,"column":13}},"8":{"start":{"line":20,"column":0},"end":{"line":20,"column":53}}},"fnMap":{"0":{"name":"criaPilotos","decl":{"start":{"line":11,"column":22},"end":{"line":11,"column":33}},"loc":{"start":{"line":11,"column":55},"end":{"line":18,"column":1}},"line":11},"1":{"name":"(anonymous_1)","decl":{"start":{"line":12,"column":53},"end":{"line":12,"column":54}},"loc":{"start":{"line":12,"column":67},"end":{"line":12,"column":75}},"line":12},"2":{"name":"(anonymous_2)","decl":{"start":{"line":14,"column":20},"end":{"line":14,"column":21}},"loc":{"start":{"line":14,"column":33},"end":{"line":16,"column":3}},"line":14}},"branchMap":{},"s":{"0":1,"1":1,"2":2,"3":2,"4":2,"5":2,"6":9,"7":2,"8":1},"f":{"0":2,"1":2,"2":9},"b":{},"_coverageSchema":"1a1c01bbd47fc00a2c39e90264f33305004495a9","hash":"90a2cc9b1666b9efd635bb523f316b3f417c60d3"}
}
