TN:
SF:corrida.js
FN:3,criaPersonagem
FN:4,(anonymous_1)
FN:10,criaPista
FN:11,(anonymous_3)
FN:14,(anonymous_4)
FN:20,calcularVantagem
FN:27,criaCorrida
FN:31,(anonymous_7)
FN:37,executarCorrida
FN:41,(anonymous_9)
FN:42,(anonymous_10)
FN:54,(anonymous_11)
FNF:12
FNH:12
FNDA:9,criaPersonagem
FNDA:9,(anonymous_1)
FNDA:5,criaPista
FNDA:5,(anonymous_3)
FNDA:12,(anonymous_4)
FNDA:2,calcularVantagem
FNDA:2,criaCorrida
FNDA:6,(anonymous_7)
FNDA:1,executarCorrida
FNDA:6,(anonymous_9)
FNDA:18,(anonymous_10)
FNDA:6,(anonymous_11)
DA:4,9
DA:5,9
DA:6,9
DA:7,9
DA:11,5
DA:12,5
DA:13,5
DA:14,5
DA:15,12
DA:17,5
DA:21,2
DA:22,1
DA:24,1
DA:28,2
DA:29,2
DA:31,2
DA:32,6
DA:34,2
DA:38,1
DA:39,2
DA:41,2
DA:42,6
DA:43,18
DA:49,18
DA:54,2
DA:55,6
DA:57,6
DA:58,6
DA:66,6
DA:69,0
DA:70,0
DA:78,0
DA:81,0
DA:82,0
DA:90,0
LF:35
LH:29
BRDA:21,0,0,1
BRDA:21,0,1,1
BRDA:43,1,0,18
BRDA:43,1,1,0
BRDA:45,2,0,18
BRDA:45,2,1,18
BRDA:55,3,0,6
BRDA:55,3,1,0
BRDA:55,3,2,0
BRF:9
BRH:6
end_of_record
